  stdafx.cpp
  checkpoint.cpp
  game.cpp
  game_over.cpp
  Main.cpp
  question.cpp
  scrolling_text.cpp
game\textgame\lib\scrolling_text\scrolling_text.cpp(14): warning C4267: '=': conversion from 'size_t' to 'int', possible loss of data
game\textgame\lib\scrolling_text\scrolling_text.cpp(58): warning C4267: '=': conversion from 'size_t' to 'int', possible loss of data
  section.cpp
  text.cpp
  text_seq_section.cpp
  text_tree_node.cpp
  text_tree_section.cpp
  Generating code
  560 of 723 functions (77.5%) were compiled, the rest were copied from previous compilation.
    274 functions were new in current compilation
    6 functions had inline decision re-evaluated but remain unchanged
  Finished generating code
  TextGame.vcxproj -> C:\Users\Rahul\Documents\Visual Studio 2015\Projects\TextGame\x64\Release\TextGame.exe
